------ Launching COMPSs application ------
Computing units GPU is greater than zero, Nanos6 scheduler set to hierarchical
Computing units GPU is greater than zero, Nanos6 scheduler set to hierarchical
Computing units GPU is greater than zero, Nanos6 scheduler set to hierarchical
Computing units GPU is greater than zero, Nanos6 scheduler set to hierarchical
Computing units GPU is greater than zero, Nanos6 scheduler set to hierarchical
Computing units GPU is greater than zero, Nanos6 scheduler set to hierarchical
Computing units GPU is greater than zero, Nanos6 scheduler set to hierarchical
Computing units GPU is greater than zero, Nanos6 scheduler set to hierarchical
Computing units GPU is greater than zero, Nanos6 scheduler set to hierarchical
Computing units GPU is greater than zero, Nanos6 scheduler set to hierarchical
Computing units GPU is greater than zero, Nanos6 scheduler set to hierarchical
Computing units GPU is greater than zero, Nanos6 scheduler set to hierarchical
Computing units GPU is greater than zero, Nanos6 scheduler set to hierarchical
Computing units GPU is greater than zero, Nanos6 scheduler set to hierarchical
Computing units GPU is greater than zero, Nanos6 scheduler set to hierarchical
Computing units GPU is greater than zero, Nanos6 scheduler set to hierarchical
PROVENANCE | Setting output_profile to App_Profile.json by default
PROVENANCE | Setting --graph to true by default
[ INFO ] Relative Classpath resolved: /gpfs/scratch/bsc19/bsc19959/cache
[ INFO ] Using default execution type: compss

----------------- Executing cch_kmeans_test.py --------------------------

[(761)    API]  -  Starting COMPSs Runtime v3.3 (build 20231019-2152.r41fafb8a26234d138c32cb0be4b436bf9e85f7a5)
[(1404757)    API]  -  Execution Finished

------------------------------------------------------------
PROVENANCE | STARTING WORKFLOW PROVENANCE SCRIPT
PROVENANCE | If needed, Provenance generation can be triggered by hand using the following commands:
PROVENANCE | /apps/COMPSs/3.3/Runtime/scripts/utils/compss_gengraph svg /gpfs/scratch/bsc19/bsc19959/cache/.COMPSs/1930260//monitor/complete_graph.dot
PROVENANCE | python3 /apps/COMPSs/3.3/Runtime/scripts/system/provenance/generate_COMPSs_RO-Crate.py ro-crate-info.yaml /gpfs/scratch/bsc19/bsc19959/cache/.COMPSs/1930260//dataprovenance.log
PROVENANCE | TIP for cluster users. Before hand triggering generation, run first: salloc -p interactive
PROVENANCE | Generating graph for Workflow Provenance
PROVENANCE | Number of edges in the graph: 394
Output file: /gpfs/scratch/bsc19/bsc19959/cache/.COMPSs/1930260//monitor/complete_graph.svg
INFO: Generating Graph with legend
DONE
PROVENANCE | Ended generating graph for Workflow Provenance. TIME: 1 s
PROVENANCE | STARTING RO-CRATE GENERATION SCRIPT
PROVENANCE | COMPSs version: 3.3, out_profile: App_Profile.json, main_entity: /gpfs/scratch/bsc19/bsc19959/cache/cch_kmeans_test.py
PROVENANCE | COMPSs runtime detected inputs (0)
PROVENANCE | COMPSs runtime detected outputs (0)
PROVENANCE | dataprovenance.log processing TIME: 7.867813110351562e-05 s
PROVENANCE | Application source files detected (1)
PROVENANCE | RO-Crate adding source files TIME: 0.010587692260742188 s
PROVENANCE | Manually added data assets as 'outputs' (1)
PROVENANCE | RO-Crate adding input files TIME (Persistence: True): 4.792213439941406e-05 s
PROVENANCE | RO-Crate adding output files TIME (Persistence: True): 0.00018668174743652344 s
PROVENANCE | WARNING: 'Submitter' not specified in ro-crate-info.yaml. First author selected by default.
